09:36:11.430 INFO  Loading commands... 
09:36:11.550 DEBUG Skipping slash command avatar. Disabled! 
09:36:11.553 DEBUG Skipping slash command botinvite. Disabled! 
09:36:11.559 DEBUG Skipping slash command botstats. Disabled! 
09:36:11.561 DEBUG Skipping slash command channelinfo. Disabled! 
09:36:11.563 DEBUG Skipping slash command emojiinfo. Disabled! 
09:36:11.565 DEBUG Skipping slash command guildinfo. Disabled! 
09:36:11.576 DEBUG Skipping command bot. Disabled! 
09:36:11.578 DEBUG Skipping command info. Disabled! 
09:36:11.579 DEBUG Skipping slash command uptime. Disabled! 
09:36:11.580 DEBUG Skipping slash command userinfo. Disabled! 
09:36:11.600 DEBUG Skipping slash command deafen. Disabled! 
09:36:11.602 DEBUG Skipping slash command disconnect. Disabled! 
09:36:11.605 DEBUG Skipping slash command move. Disabled! 
09:36:11.607 DEBUG Skipping slash command purge. Disabled! 
09:36:11.608 DEBUG Skipping slash command purgeattach. Disabled! 
09:36:11.609 DEBUG Skipping slash command purgebots. Disabled! 
09:36:11.610 DEBUG Skipping slash command purgelinks. Disabled! 
09:36:11.612 DEBUG Skipping slash command purgetoken. Disabled! 
09:36:11.613 DEBUG Skipping slash command purgeuser. Disabled! 
09:36:11.619 DEBUG Skipping command purge. Disabled! 
09:36:11.620 DEBUG Skipping command voice. Disabled! 
09:36:11.623 DEBUG Skipping slash command undeafen. Disabled! 
09:36:11.626 DEBUG Skipping slash command vmute. Disabled! 
09:36:11.627 DEBUG Skipping slash command vunmute. Disabled! 
09:36:11.672 INFO  Loaded 89 commands 
09:36:11.673 INFO  Loaded 73 slash commands 
09:36:11.673 INFO  Loading contexts... 
09:36:11.677 INFO  Loaded 2 USER contexts 
09:36:11.677 INFO  Loaded 0 MESSAGE contexts 
09:36:11.677 INFO  Loading events... 
09:36:11.739 INFO  Loaded 22 events. Success (22) Failed (0) 
09:36:12.383 INFO  VersionCheck: Your discord bot is up to date 
09:36:12.383 INFO  Validating config.js and environment variables 
09:36:12.383 WARN  env: WEATHERSTACK_KEY is missing. Weather command won't work 
09:36:12.384 WARN  config.js: OWNER_IDS are empty 
09:36:12.384 WARN  config.js: SUPPORT_SERVER is not provided 
09:36:12.384 INFO  Connecting to MongoDb... 
09:36:17.616 INFO  Mongoose: Database connection established 
09:36:20.683 INFO  Logged in as auxx.bot#4341! (980696265576841217) 
09:36:20.683 INFO  Initializing music manager 
09:36:21.015 INFO  Node "54.37.6.86" connected 
09:51:09.227 INFO  Loading commands... 
09:51:09.319 DEBUG Skipping slash command avatar. Disabled! 
09:51:09.321 DEBUG Skipping slash command botinvite. Disabled! 
09:51:09.325 DEBUG Skipping slash command botstats. Disabled! 
09:51:09.327 DEBUG Skipping slash command channelinfo. Disabled! 
09:51:09.329 DEBUG Skipping slash command emojiinfo. Disabled! 
09:51:09.331 DEBUG Skipping slash command guildinfo. Disabled! 
09:51:09.341 DEBUG Skipping command bot. Disabled! 
09:51:09.342 DEBUG Skipping command info. Disabled! 
09:51:09.343 DEBUG Skipping slash command uptime. Disabled! 
09:51:09.344 DEBUG Skipping slash command userinfo. Disabled! 
09:51:09.366 DEBUG Skipping slash command deafen. Disabled! 
09:51:09.368 DEBUG Skipping slash command disconnect. Disabled! 
09:51:09.371 DEBUG Skipping slash command move. Disabled! 
09:51:09.373 DEBUG Skipping slash command purge. Disabled! 
09:51:09.373 DEBUG Skipping slash command purgeattach. Disabled! 
09:51:09.374 DEBUG Skipping slash command purgebots. Disabled! 
09:51:09.375 DEBUG Skipping slash command purgelinks. Disabled! 
09:51:09.376 DEBUG Skipping slash command purgetoken. Disabled! 
09:51:09.377 DEBUG Skipping slash command purgeuser. Disabled! 
09:51:09.380 DEBUG Skipping command purge. Disabled! 
09:51:09.382 DEBUG Skipping command voice. Disabled! 
09:51:09.385 DEBUG Skipping slash command undeafen. Disabled! 
09:51:09.387 DEBUG Skipping slash command vmute. Disabled! 
09:51:09.388 DEBUG Skipping slash command vunmute. Disabled! 
09:51:09.426 INFO  Loaded 89 commands 
09:51:09.426 INFO  Loaded 73 slash commands 
09:51:09.427 INFO  Loading contexts... 
09:51:09.430 INFO  Loaded 2 USER contexts 
09:51:09.430 INFO  Loaded 0 MESSAGE contexts 
09:51:09.431 INFO  Loading events... 
09:51:09.493 INFO  Loaded 22 events. Success (22) Failed (0) 
09:51:10.024 INFO  VersionCheck: Your discord bot is up to date 
09:51:10.024 INFO  Validating config.js and environment variables 
09:51:10.024 WARN  env: WEATHERSTACK_KEY is missing. Weather command won't work 
09:51:10.025 WARN  config.js: OWNER_IDS are empty 
09:51:10.025 WARN  config.js: SUPPORT_SERVER is not provided 
09:51:10.025 INFO  Connecting to MongoDb... 
09:51:15.301 INFO  Mongoose: Database connection established 
09:51:18.258 INFO  Logged in as auxx.bot#4341! (980696265576841217) 
09:51:18.258 INFO  Initializing music manager 
09:51:18.590 INFO  Node "54.37.6.86" connected 
09:52:41.851 INFO  Loading commands... 
09:52:41.939 DEBUG Skipping slash command avatar. Disabled! 
09:52:41.941 DEBUG Skipping slash command botinvite. Disabled! 
09:52:41.945 DEBUG Skipping slash command botstats. Disabled! 
09:52:41.946 DEBUG Skipping slash command channelinfo. Disabled! 
09:52:41.948 DEBUG Skipping slash command emojiinfo. Disabled! 
09:52:41.950 DEBUG Skipping slash command guildinfo. Disabled! 
09:52:41.960 DEBUG Skipping command bot. Disabled! 
09:52:41.961 DEBUG Skipping command info. Disabled! 
09:52:41.962 DEBUG Skipping slash command uptime. Disabled! 
09:52:41.963 DEBUG Skipping slash command userinfo. Disabled! 
09:52:41.983 DEBUG Skipping slash command deafen. Disabled! 
09:52:41.985 DEBUG Skipping slash command disconnect. Disabled! 
09:52:41.988 DEBUG Skipping slash command move. Disabled! 
09:52:41.989 DEBUG Skipping slash command purge. Disabled! 
09:52:41.990 DEBUG Skipping slash command purgeattach. Disabled! 
09:52:41.991 DEBUG Skipping slash command purgebots. Disabled! 
09:52:41.992 DEBUG Skipping slash command purgelinks. Disabled! 
09:52:41.993 DEBUG Skipping slash command purgetoken. Disabled! 
09:52:41.994 DEBUG Skipping slash command purgeuser. Disabled! 
09:52:41.997 DEBUG Skipping command purge. Disabled! 
09:52:41.998 DEBUG Skipping command voice. Disabled! 
09:52:42.001 DEBUG Skipping slash command undeafen. Disabled! 
09:52:42.003 DEBUG Skipping slash command vmute. Disabled! 
09:52:42.004 DEBUG Skipping slash command vunmute. Disabled! 
09:52:42.042 INFO  Loaded 89 commands 
09:52:42.043 INFO  Loaded 73 slash commands 
09:52:42.043 INFO  Loading contexts... 
09:52:42.046 INFO  Loaded 2 USER contexts 
09:52:42.047 INFO  Loaded 0 MESSAGE contexts 
09:52:42.047 INFO  Loading events... 
09:52:42.106 INFO  Loaded 22 events. Success (22) Failed (0) 
09:52:42.738 INFO  VersionCheck: Your discord bot is up to date 
09:52:42.738 INFO  Validating config.js and environment variables 
09:52:42.739 WARN  env: WEATHERSTACK_KEY is missing. Weather command won't work 
09:52:42.739 WARN  config.js: OWNER_IDS are empty 
09:52:42.739 WARN  config.js: SUPPORT_SERVER is not provided 
09:52:42.740 INFO  Connecting to MongoDb... 
09:52:47.950 INFO  Mongoose: Database connection established 
09:52:50.884 INFO  Logged in as auxx.bot#4341! (980696265576841217) 
09:52:50.884 INFO  Initializing music manager 
09:52:51.222 INFO  Node "54.37.6.86" connected 
09:56:37.083 INFO  Loading commands... 
09:56:37.172 DEBUG Skipping slash command avatar. Disabled! 
09:56:37.174 DEBUG Skipping slash command botinvite. Disabled! 
09:56:37.178 DEBUG Skipping slash command botstats. Disabled! 
09:56:37.180 DEBUG Skipping slash command channelinfo. Disabled! 
09:56:37.182 DEBUG Skipping slash command emojiinfo. Disabled! 
09:56:37.184 DEBUG Skipping slash command guildinfo. Disabled! 
09:56:37.194 DEBUG Skipping command bot. Disabled! 
09:56:37.195 DEBUG Skipping command info. Disabled! 
09:56:37.196 DEBUG Skipping slash command uptime. Disabled! 
09:56:37.197 DEBUG Skipping slash command userinfo. Disabled! 
09:56:37.215 DEBUG Skipping slash command deafen. Disabled! 
09:56:37.217 DEBUG Skipping slash command disconnect. Disabled! 
09:56:37.219 DEBUG Skipping slash command move. Disabled! 
09:56:37.221 DEBUG Skipping slash command purge. Disabled! 
09:56:37.222 DEBUG Skipping slash command purgeattach. Disabled! 
09:56:37.223 DEBUG Skipping slash command purgebots. Disabled! 
09:56:37.224 DEBUG Skipping slash command purgelinks. Disabled! 
09:56:37.225 DEBUG Skipping slash command purgetoken. Disabled! 
09:56:37.226 DEBUG Skipping slash command purgeuser. Disabled! 
09:56:37.229 DEBUG Skipping command purge. Disabled! 
09:56:37.230 DEBUG Skipping command voice. Disabled! 
09:56:37.233 DEBUG Skipping slash command undeafen. Disabled! 
09:56:37.235 DEBUG Skipping slash command vmute. Disabled! 
09:56:37.236 DEBUG Skipping slash command vunmute. Disabled! 
09:56:37.275 INFO  Loaded 89 commands 
09:56:37.276 INFO  Loaded 73 slash commands 
09:56:37.276 INFO  Loading contexts... 
09:56:37.281 INFO  Loaded 2 USER contexts 
09:56:37.281 INFO  Loaded 0 MESSAGE contexts 
09:56:37.281 INFO  Loading events... 
09:56:37.340 INFO  Loaded 22 events. Success (22) Failed (0) 
09:56:37.918 INFO  VersionCheck: Your discord bot is up to date 
09:56:37.918 INFO  Validating config.js and environment variables 
09:56:37.919 WARN  env: WEATHERSTACK_KEY is missing. Weather command won't work 
09:56:37.919 WARN  config.js: OWNER_IDS are empty 
09:56:37.919 WARN  config.js: SUPPORT_SERVER is not provided 
09:56:37.924 INFO  Connecting to MongoDb... 
09:56:43.153 INFO  Mongoose: Database connection established 
09:56:46.096 INFO  Logged in as auxx.bot#4341! (980696265576841217) 
09:56:46.097 INFO  Initializing music manager 
09:56:46.422 INFO  Node "54.37.6.86" connected 
10:37:58.512 INFO  Loading commands... 
10:37:58.609 DEBUG Skipping slash command avatar. Disabled! 
10:37:58.611 DEBUG Skipping slash command botinvite. Disabled! 
10:37:58.616 DEBUG Skipping slash command botstats. Disabled! 
10:37:58.618 DEBUG Skipping slash command channelinfo. Disabled! 
10:37:58.620 DEBUG Skipping slash command emojiinfo. Disabled! 
10:37:58.622 DEBUG Skipping slash command guildinfo. Disabled! 
10:37:58.640 DEBUG Skipping command bot. Disabled! 
10:37:58.641 DEBUG Skipping command info. Disabled! 
10:37:58.642 DEBUG Skipping slash command uptime. Disabled! 
10:37:58.644 DEBUG Skipping slash command userinfo. Disabled! 
10:37:58.663 DEBUG Skipping slash command deafen. Disabled! 
10:37:58.665 DEBUG Skipping slash command disconnect. Disabled! 
10:37:58.668 DEBUG Skipping slash command move. Disabled! 
10:37:58.670 DEBUG Skipping slash command purge. Disabled! 
10:37:58.671 DEBUG Skipping slash command purgeattach. Disabled! 
10:37:58.672 DEBUG Skipping slash command purgebots. Disabled! 
10:37:58.673 DEBUG Skipping slash command purgelinks. Disabled! 
10:37:58.675 DEBUG Skipping slash command purgetoken. Disabled! 
10:37:58.676 DEBUG Skipping slash command purgeuser. Disabled! 
10:37:58.679 DEBUG Skipping command purge. Disabled! 
10:37:58.681 DEBUG Skipping command voice. Disabled! 
10:37:58.684 DEBUG Skipping slash command undeafen. Disabled! 
10:37:58.686 DEBUG Skipping slash command vmute. Disabled! 
10:37:58.687 DEBUG Skipping slash command vunmute. Disabled! 
10:37:58.731 INFO  Loaded 89 commands 
10:37:58.731 INFO  Loaded 73 slash commands 
10:37:58.731 INFO  Loading contexts... 
10:37:58.736 INFO  Loaded 2 USER contexts 
10:37:58.737 INFO  Loaded 0 MESSAGE contexts 
10:37:58.737 INFO  Loading events... 
10:37:58.802 INFO  Loaded 22 events. Success (22) Failed (0) 
10:37:59.391 INFO  VersionCheck: Your discord bot is up to date 
10:37:59.392 INFO  Validating config.js and environment variables 
10:37:59.392 WARN  env: WEATHERSTACK_KEY is missing. Weather command won't work 
10:37:59.392 WARN  config.js: OWNER_IDS are empty 
10:37:59.393 WARN  config.js: SUPPORT_SERVER is not provided 
10:37:59.397 INFO  Connecting to MongoDb... 
10:38:04.627 INFO  Mongoose: Database connection established 
10:38:07.560 INFO  Logged in as auxx.bot#4341! (980696265576841217) 
10:38:07.560 INFO  Initializing music manager 
10:38:07.877 INFO  Node "54.37.6.86" connected 
